==9908== Memcheck, a memory error detector
==9908== Copyright (C) 2002-2009, and GNU GPL'd, by Julian Seward et al.
==9908== Using Valgrind-3.5.0 and LibVEX; rerun with -h for copyright info
==9908== Command: ./cc.fcgi op
==9908== Parent PID: 9907
==9908== 
==9908== Invalid free() / delete / delete[]
==9908==    at 0x4A04D72: free (vg_replace_malloc.c:325)
==9908==    by 0x3B2492C90A: ??? (in /lib64/libc-2.12.so)
==9908==    by 0x3B2492C4A1: ??? (in /lib64/libc-2.12.so)
==9908==    by 0x480162B: _vgnU_freeres (vg_preloaded.c:62)
==9908==    by 0x3B24835F81: exit (in /lib64/libc-2.12.so)
==9908==    by 0x3B2481EC63: (below main) (in /lib64/libc-2.12.so)
==9908==  Address 0x56f1d30 is not stack'd, malloc'd or (recently) free'd
==9908== 
==9908== 
==9908== HEAP SUMMARY:
==9908==     in use at exit: 0 bytes in 0 blocks
==9908==   total heap usage: 202 allocs, 203 frees, 78,629 bytes allocated
==9908== 
==9908== All heap blocks were freed -- no leaks are possible
==9908== 
==9908== For counts of detected and suppressed errors, rerun with: -v
==9908== ERROR SUMMARY: 1 errors from 1 contexts (suppressed: 7 from 7)
